<?xml version="1.0" encoding="UTF-8"?>
<!-- Generated by org.testng.reporters.JUnitXMLReporter -->
<testsuite ignored="0" hostname="MACPK-WKS-0132" failures="1" tests="41" name="Command line test" time="346.436" errors="0" timestamp="2021-03-09T12:38:19 PKT">
  <testcase classname="Master.ExecutionFile" name="LoginApp" time="19.718"/>
  <testcase classname="Master.ExecutionFile" name="Profile" time="17.959"/>
  <testcase classname="Master.ExecutionFile" name="EditVideos" time="11.819"/>
  <testcase classname="Master.ExecutionFile" name="EditAccount" time="18.576"/>
  <testcase classname="Master.ExecutionFile" name="EditPhotos" time="25.521"/>
  <testcase classname="Master.ExecutionFile" name="EditPersonal" time="13.681"/>
  <testcase classname="Master.ExecutionFile" name="EditPartner" time="14.18"/>
  <testcase classname="Master.ExecutionFile" name="EditSettings" time="12.69"/>
  <testcase classname="Master.ExecutionFile" name="EditVerification" time="42.154"/>
  <testcase classname="Master.ExecutionFile" name="Chat" time="48.718">
    <failure type="org.openqa.selenium.NoSuchElementException" message="no such element: Unable to locate element: {&amp;quot;method&amp;quot;:&amp;quot;xpath&amp;quot;,&amp;quot;selector&amp;quot;:&amp;quot;//div[contains(text(), &amp;apos;Your favourite added successfully.&amp;apos;)]&amp;quot;}
  (Session info: chrome=88.0.4324.190)
For documentation on this error, please visit: https://www.seleniumhq.org/exceptions/no_such_element.html
Build info: version: &amp;apos;3.141.59&amp;apos;, revision: &amp;apos;e82be7d358&amp;apos;, time: &amp;apos;2018-11-14T08:17:03&amp;apos;
System info: host: &amp;apos;MACPK-WKS-0132&amp;apos;, ip: &amp;apos;192.168.10.3&amp;apos;, os.name: &amp;apos;Windows 10&amp;apos;, os.arch: &amp;apos;amd64&amp;apos;, os.version: &amp;apos;10.0&amp;apos;, java.version: &amp;apos;12.0.2&amp;apos;
Driver info: org.openqa.selenium.chrome.ChromeDriver
Capabilities {acceptInsecureCerts: false, browserName: chrome, browserVersion: 88.0.4324.190, chrome: {chromedriverVersion: 88.0.4324.96 (68dba2d8a0b14..., userDataDir: C:\Users\MUHAMM~1.IFT\AppDa...}, goog:chromeOptions: {debuggerAddress: localhost:49510}, javascriptEnabled: true, networkConnectionEnabled: false, pageLoadStrategy: normal, platform: WINDOWS, platformName: WINDOWS, proxy: Proxy(), setWindowRect: true, strictFileInteractability: false, timeouts: {implicit: 0, pageLoad: 300000, script: 30000}, unhandledPromptBehavior: dismiss and notify, webauthn:extension:largeBlob: true, webauthn:virtualAuthenticators: true}
Session ID: 1a38d3957054fbd794f5bb68f5be2a81
*** Element info: {Using=xpath, value=//div[contains(text(), &amp;apos;Your favourite added successfully.&amp;apos;)]}">
      <![CDATA[org.openqa.selenium.NoSuchElementException: no such element: Unable to locate element: {"method":"xpath","selector":"//div[contains(text(), 'Your favourite added successfully.')]"}
  (Session info: chrome=88.0.4324.190)
For documentation on this error, please visit: https://www.seleniumhq.org/exceptions/no_such_element.html
Build info: version: '3.141.59', revision: 'e82be7d358', time: '2018-11-14T08:17:03'
System info: host: 'MACPK-WKS-0132', ip: '192.168.10.3', os.name: 'Windows 10', os.arch: 'amd64', os.version: '10.0', java.version: '12.0.2'
Driver info: org.openqa.selenium.chrome.ChromeDriver
Capabilities {acceptInsecureCerts: false, browserName: chrome, browserVersion: 88.0.4324.190, chrome: {chromedriverVersion: 88.0.4324.96 (68dba2d8a0b14..., userDataDir: C:\Users\MUHAMM~1.IFT\AppDa...}, goog:chromeOptions: {debuggerAddress: localhost:49510}, javascriptEnabled: true, networkConnectionEnabled: false, pageLoadStrategy: normal, platform: WINDOWS, platformName: WINDOWS, proxy: Proxy(), setWindowRect: true, strictFileInteractability: false, timeouts: {implicit: 0, pageLoad: 300000, script: 30000}, unhandledPromptBehavior: dismiss and notify, webauthn:extension:largeBlob: true, webauthn:virtualAuthenticators: true}
Session ID: 1a38d3957054fbd794f5bb68f5be2a81
*** Element info: {Using=xpath, value=//div[contains(text(), 'Your favourite added successfully.')]}
at org.openqa.selenium.remote.http.W3CHttpResponseCodec.createException(W3CHttpResponseCodec.java:187)
at org.openqa.selenium.remote.http.W3CHttpResponseCodec.decode(W3CHttpResponseCodec.java:122)
at org.openqa.selenium.remote.http.W3CHttpResponseCodec.decode(W3CHttpResponseCodec.java:49)
at org.openqa.selenium.remote.HttpCommandExecutor.execute(HttpCommandExecutor.java:158)
at org.openqa.selenium.remote.service.DriverCommandExecutor.execute(DriverCommandExecutor.java:83)
at org.openqa.selenium.remote.RemoteWebDriver.execute(RemoteWebDriver.java:552)
at org.openqa.selenium.remote.RemoteWebDriver.findElement(RemoteWebDriver.java:323)
at org.openqa.selenium.remote.RemoteWebDriver.findElementByXPath(RemoteWebDriver.java:428)
at org.openqa.selenium.By$ByXPath.findElement(By.java:353)
at org.openqa.selenium.remote.RemoteWebDriver.findElement(RemoteWebDriver.java:315)
at org.openqa.selenium.support.pagefactory.DefaultElementLocator.findElement(DefaultElementLocator.java:70)
at org.openqa.selenium.support.pagefactory.internal.LocatingElementHandler.invoke(LocatingElementHandler.java:39)
at com.sun.proxy.$Proxy12.isDisplayed(Unknown Source)
at TestCases.Chat.chat(Chat.java:47)
at Master.ExecutionFile.Chat(ExecutionFile.java:132)
at java.base/java.util.ArrayList.forEach(ArrayList.java:1540)
at Master.TestRunner.main(TestRunner.java:12)
... Removed 29 stack frames]]>
    </failure>
  </testcase> <!-- Chat -->
  <testcase classname="Master.ExecutionFile" name="BasicSearch" time="5.556"/>
  <testcase classname="Master.ExecutionFile" name="AdvanceSearch" time="5.067"/>
  <testcase classname="Master.ExecutionFile" name="PhotoGallery" time="3.914"/>
  <testcase classname="Master.ExecutionFile" name="VideoGallery" time="1.956"/>
  <testcase classname="Master.ExecutionFile" name="OnlineMembers" time="2.342"/>
  <testcase classname="Master.ExecutionFile" name="RecentMembers" time="3.498"/>
  <testcase classname="Master.ExecutionFile" name="VerifiedMembers" time="5.494"/>
  <testcase classname="Master.ExecutionFile" name="NewestMembers" time="2.762"/>
  <testcase classname="Master.ExecutionFile" name="FeaturedMembers" time="2.691"/>
  <testcase classname="Master.ExecutionFile" name="MyMatchProspects" time="1.76"/>
  <testcase classname="Master.ExecutionFile" name="mMFavouritesProspects" time="2.501"/>
  <testcase classname="Master.ExecutionFile" name="FavoursMeProspects" time="1.652"/>
  <testcase classname="Master.ExecutionFile" name="MyViewedProspects" time="3.782"/>
  <testcase classname="Master.ExecutionFile" name="ViewedMeProspects" time="1.668"/>
  <testcase classname="Master.ExecutionFile" name="MyBlockedProspects" time="1.59"/>
  <testcase classname="Master.ExecutionFile" name="SentMailMessages" time="2.984"/>
  <testcase classname="Master.ExecutionFile" name="ReceivedInterestsMessages" time="1.532"/>
  <testcase classname="Master.ExecutionFile" name="SentInterestMessages" time="3.092"/>
  <testcase classname="Master.ExecutionFile" name="ChatConversationsMessages" time="3.524"/>
  <testcase classname="Master.ExecutionFile" name="OnlineSecuritySupport" time="2.814"/>
  <testcase classname="Master.ExecutionFile" name="RelationshipAdviceSupport" time="1.405"/>
  <testcase classname="Master.ExecutionFile" name="HelpPagesSupport" time="1.035"/>
  <testcase classname="Master.ExecutionFile" name="TestimonialsSupport" time="1.77"/>
  <testcase classname="Master.ExecutionFile" name="AboutUsSupport" time="1.476"/>
  <testcase classname="Master.ExecutionFile" name="ContactUsSupport" time="4.402"/>
  <testcase classname="Master.ExecutionFile" name="Viewed" time="2.453"/>
  <testcase classname="Master.ExecutionFile" name="Recent" time="1.942"/>
  <testcase classname="Master.ExecutionFile" name="Online" time="1.493"/>
  <testcase classname="Master.ExecutionFile" name="Favours" time="1.351"/>
  <testcase classname="Master.ExecutionFile" name="Interests" time="1.605"/>
  <testcase classname="Master.ExecutionFile" name="Mail" time="19.245"/>
</testsuite> <!-- Command line test -->
