<?xml version="1.0" encoding="UTF-8"?>
<!-- Generated by org.testng.reporters.JUnitReportReporter -->
<testsuite hostname="MACPK-WKS-0132" failures="0" tests="41" name="Master.ExecutionFile" time="338.152" errors="1" timestamp="2021-03-09T12:38:19 PKT" skipped="0">
  <testcase classname="Master.ExecutionFile" name="LoginApp" time="19.919"/>
  <testcase classname="Master.ExecutionFile" name="Profile" time="18.323"/>
  <testcase classname="Master.ExecutionFile" name="EditVideos" time="13.163"/>
  <testcase classname="Master.ExecutionFile" name="EditAccount" time="18.700"/>
  <testcase classname="Master.ExecutionFile" name="EditPhotos" time="27.552"/>
  <testcase classname="Master.ExecutionFile" name="EditPersonal" time="13.788"/>
  <testcase classname="Master.ExecutionFile" name="EditPartner" time="14.253"/>
  <testcase classname="Master.ExecutionFile" name="EditSettings" time="13.106"/>
  <testcase classname="Master.ExecutionFile" name="EditVerification" time="42.320"/>
  <testcase classname="Master.ExecutionFile" name="Chat" time="48.914">
    <error message="no such element: Unable to locate element: {&quot;method&quot;:&quot;xpath&quot;,&quot;selector&quot;:&quot;//div[contains(text(), &#039;Your favourite added successfully.&#039;)]&quot;}
  (Session info: chrome=88.0.4324.190)
For documentation on this error, please visit: https://www.seleniumhq.org/exceptions/no_such_element.html
Build info: version: &#039;3.141.59&#039;, revision: &#039;e82be7d358&#039;, time: &#039;2018-11-14T08:17:03&#039;
System info: host: &#039;MACPK-WKS-0132&#039;, ip: &#039;192.168.10.3&#039;, os.name: &#039;Windows 10&#039;, os.arch: &#039;amd64&#039;, os.version: &#039;10.0&#039;, java.version: &#039;12.0.2&#039;
Driver info: org.openqa.selenium.chrome.ChromeDriver
Capabilities {acceptInsecureCerts: false, browserName: chrome, browserVersion: 88.0.4324.190, chrome: {chromedriverVersion: 88.0.4324.96 (68dba2d8a0b14..., userDataDir: C:\Users\MUHAMM~1.IFT\AppDa...}, goog:chromeOptions: {debuggerAddress: localhost:49510}, javascriptEnabled: true, networkConnectionEnabled: false, pageLoadStrategy: normal, platform: WINDOWS, platformName: WINDOWS, proxy: Proxy(), setWindowRect: true, strictFileInteractability: false, timeouts: {implicit: 0, pageLoad: 300000, script: 30000}, unhandledPromptBehavior: dismiss and notify, webauthn:extension:largeBlob: true, webauthn:virtualAuthenticators: true}
Session ID: 1a38d3957054fbd794f5bb68f5be2a81
*** Element info: {Using=xpath, value=//div[contains(text(), &#039;Your favourite added successfully.&#039;)]}" type="org.openqa.selenium.NoSuchElementException">
      <![CDATA[org.openqa.selenium.NoSuchElementException: no such element: Unable to locate element: {"method":"xpath","selector":"//div[contains(text(), 'Your favourite added successfully.')]"}
  (Session info: chrome=88.0.4324.190)
For documentation on this error, please visit: https://www.seleniumhq.org/exceptions/no_such_element.html
Build info: version: '3.141.59', revision: 'e82be7d358', time: '2018-11-14T08:17:03'
System info: host: 'MACPK-WKS-0132', ip: '192.168.10.3', os.name: 'Windows 10', os.arch: 'amd64', os.version: '10.0', java.version: '12.0.2'
Driver info: org.openqa.selenium.chrome.ChromeDriver
Capabilities {acceptInsecureCerts: false, browserName: chrome, browserVersion: 88.0.4324.190, chrome: {chromedriverVersion: 88.0.4324.96 (68dba2d8a0b14..., userDataDir: C:\Users\MUHAMM~1.IFT\AppDa...}, goog:chromeOptions: {debuggerAddress: localhost:49510}, javascriptEnabled: true, networkConnectionEnabled: false, pageLoadStrategy: normal, platform: WINDOWS, platformName: WINDOWS, proxy: Proxy(), setWindowRect: true, strictFileInteractability: false, timeouts: {implicit: 0, pageLoad: 300000, script: 30000}, unhandledPromptBehavior: dismiss and notify, webauthn:extension:largeBlob: true, webauthn:virtualAuthenticators: true}
Session ID: 1a38d3957054fbd794f5bb68f5be2a81
*** Element info: {Using=xpath, value=//div[contains(text(), 'Your favourite added successfully.')]}
at java.base/jdk.internal.reflect.NativeConstructorAccessorImpl.newInstance0(Native Method)
at java.base/jdk.internal.reflect.NativeConstructorAccessorImpl.newInstance(NativeConstructorAccessorImpl.java:62)
at java.base/jdk.internal.reflect.DelegatingConstructorAccessorImpl.newInstance(DelegatingConstructorAccessorImpl.java:45)
at java.base/java.lang.reflect.Constructor.newInstanceWithCaller(Constructor.java:500)
at java.base/java.lang.reflect.Constructor.newInstance(Constructor.java:481)
at org.openqa.selenium.remote.http.W3CHttpResponseCodec.createException(W3CHttpResponseCodec.java:187)
at org.openqa.selenium.remote.http.W3CHttpResponseCodec.decode(W3CHttpResponseCodec.java:122)
at org.openqa.selenium.remote.http.W3CHttpResponseCodec.decode(W3CHttpResponseCodec.java:49)
at org.openqa.selenium.remote.HttpCommandExecutor.execute(HttpCommandExecutor.java:158)
at org.openqa.selenium.remote.service.DriverCommandExecutor.execute(DriverCommandExecutor.java:83)
at org.openqa.selenium.remote.RemoteWebDriver.execute(RemoteWebDriver.java:552)
at org.openqa.selenium.remote.RemoteWebDriver.findElement(RemoteWebDriver.java:323)
at org.openqa.selenium.remote.RemoteWebDriver.findElementByXPath(RemoteWebDriver.java:428)
at org.openqa.selenium.By$ByXPath.findElement(By.java:353)
at org.openqa.selenium.remote.RemoteWebDriver.findElement(RemoteWebDriver.java:315)
at org.openqa.selenium.support.pagefactory.DefaultElementLocator.findElement(DefaultElementLocator.java:70)
at org.openqa.selenium.support.pagefactory.internal.LocatingElementHandler.invoke(LocatingElementHandler.java:39)
at com.sun.proxy.$Proxy12.isDisplayed(Unknown Source)
at TestCases.Chat.chat(Chat.java:47)
at Master.ExecutionFile.Chat(ExecutionFile.java:132)
at java.base/jdk.internal.reflect.NativeMethodAccessorImpl.invoke0(Native Method)
at java.base/jdk.internal.reflect.NativeMethodAccessorImpl.invoke(NativeMethodAccessorImpl.java:62)
at java.base/jdk.internal.reflect.DelegatingMethodAccessorImpl.invoke(DelegatingMethodAccessorImpl.java:43)
at java.base/java.lang.reflect.Method.invoke(Method.java:567)
at org.testng.internal.MethodInvocationHelper.invokeMethod(MethodInvocationHelper.java:133)
at org.testng.internal.TestInvoker.invokeMethod(TestInvoker.java:584)
at org.testng.internal.TestInvoker.invokeTestMethod(TestInvoker.java:172)
at org.testng.internal.MethodRunner.runInSequence(MethodRunner.java:46)
at org.testng.internal.TestInvoker$MethodInvocationAgent.invoke(TestInvoker.java:804)
at org.testng.internal.TestInvoker.invokeTestMethods(TestInvoker.java:145)
at org.testng.internal.TestMethodWorker.invokeTestMethods(TestMethodWorker.java:146)
at org.testng.internal.TestMethodWorker.run(TestMethodWorker.java:128)
at java.base/java.util.ArrayList.forEach(ArrayList.java:1540)
at org.testng.TestRunner.privateRun(TestRunner.java:770)
at org.testng.TestRunner.run(TestRunner.java:591)
at org.testng.SuiteRunner.runTest(SuiteRunner.java:402)
at org.testng.SuiteRunner.runSequentially(SuiteRunner.java:396)
at org.testng.SuiteRunner.privateRun(SuiteRunner.java:355)
at org.testng.SuiteRunner.run(SuiteRunner.java:304)
at org.testng.SuiteRunnerWorker.runSuite(SuiteRunnerWorker.java:53)
at org.testng.SuiteRunnerWorker.run(SuiteRunnerWorker.java:96)
at org.testng.TestNG.runSuitesSequentially(TestNG.java:1180)
at org.testng.TestNG.runSuitesLocally(TestNG.java:1102)
at org.testng.TestNG.runSuites(TestNG.java:1032)
at org.testng.TestNG.run(TestNG.java:1000)
at Master.TestRunner.main(TestRunner.java:12)
]]>
    </error>
  </testcase> <!-- Chat -->
  <testcase classname="Master.ExecutionFile" name="BasicSearch" time="6.194"/>
  <testcase classname="Master.ExecutionFile" name="AdvanceSearch" time="5.648"/>
  <testcase classname="Master.ExecutionFile" name="PhotoGallery" time="4.356"/>
  <testcase classname="Master.ExecutionFile" name="VideoGallery" time="2.141"/>
  <testcase classname="Master.ExecutionFile" name="OnlineMembers" time="2.622"/>
  <testcase classname="Master.ExecutionFile" name="RecentMembers" time="3.797"/>
  <testcase classname="Master.ExecutionFile" name="VerifiedMembers" time="6.233"/>
  <testcase classname="Master.ExecutionFile" name="NewestMembers" time="3.223"/>
  <testcase classname="Master.ExecutionFile" name="FeaturedMembers" time="2.923"/>
  <testcase classname="Master.ExecutionFile" name="MyMatchProspects" time="2.120"/>
  <testcase classname="Master.ExecutionFile" name="mMFavouritesProspects" time="2.952"/>
  <testcase classname="Master.ExecutionFile" name="FavoursMeProspects" time="1.729"/>
  <testcase classname="Master.ExecutionFile" name="MyViewedProspects" time="4.005"/>
  <testcase classname="Master.ExecutionFile" name="ViewedMeProspects" time="1.836"/>
  <testcase classname="Master.ExecutionFile" name="MyBlockedProspects" time="1.892"/>
  <testcase classname="Master.ExecutionFile" name="SentMailMessages" time="3.633"/>
  <testcase classname="Master.ExecutionFile" name="ReceivedInterestsMessages" time="1.728"/>
  <testcase classname="Master.ExecutionFile" name="SentInterestMessages" time="3.230"/>
  <testcase classname="Master.ExecutionFile" name="ChatConversationsMessages" time="3.827"/>
  <testcase classname="Master.ExecutionFile" name="OnlineSecuritySupport" time="3.105"/>
  <testcase classname="Master.ExecutionFile" name="RelationshipAdviceSupport" time="1.703"/>
  <testcase classname="Master.ExecutionFile" name="HelpPagesSupport" time="1.242"/>
  <testcase classname="Master.ExecutionFile" name="TestimonialsSupport" time="2.178"/>
  <testcase classname="Master.ExecutionFile" name="AboutUsSupport" time="1.605"/>
  <testcase classname="Master.ExecutionFile" name="ContactUsSupport" time="4.703"/>
  <testcase classname="Master.ExecutionFile" name="Viewed" time="2.599"/>
  <testcase classname="Master.ExecutionFile" name="Recent" time="2.183"/>
  <testcase classname="Master.ExecutionFile" name="Online" time="1.682"/>
  <testcase classname="Master.ExecutionFile" name="Favours" time="1.712"/>
  <testcase classname="Master.ExecutionFile" name="Interests" time="1.758"/>
  <testcase classname="Master.ExecutionFile" name="Mail" time="19.555"/>
</testsuite> <!-- Master.ExecutionFile -->
